Using pre-set license
Built from '2020.3/staging' branch; Version is '2020.3.17f1 (a4537701e4ab) revision 10769271'; Using compiler version '192528614'; Build Type 'Release'
OS: 'Windows 10 Home; OS build 19043.1288; Version 2009; 64bit' Language: 'es' Physical Memory: 8052 MB
BatchMode: 1, IsHumanControllingUs: 0, StartBugReporterOnCrash: 0, Is64bit: 1, IsPro: 0

COMMAND LINE ARGUMENTS:
C:\COSAS 720\UNITY FACULTAD\Editor\Unity.exe
-adb2
-batchMode
-noUpm
-name
AssetImportWorker0
-projectPath
D:/FACULTAD/GITHUB REPOSITORIOS LOCALES/ShooterPrototype/ProtoDisparos
-logFile
Logs/AssetImportWorker0.log
-srvPort
62842
Successfully changed project path to: D:/FACULTAD/GITHUB REPOSITORIOS LOCALES/ShooterPrototype/ProtoDisparos
D:/FACULTAD/GITHUB REPOSITORIOS LOCALES/ShooterPrototype/ProtoDisparos
Using Asset Import Pipeline V2.
Refreshing native plugins compatible for Editor in 58.54 ms, found 2 plugins.
Preloading 0 native plugins for Editor in 0.00 ms.
Initialize engine version: 2020.3.17f1 (a4537701e4ab)
[Subsystems] Discovering subsystems at path C:/COSAS 720/UNITY FACULTAD/Editor/Data/Resources/UnitySubsystems
[Subsystems] Discovering subsystems at path D:/FACULTAD/GITHUB REPOSITORIOS LOCALES/ShooterPrototype/ProtoDisparos/Assets
GfxDevice: creating device client; threaded=0
Direct3D:
    Version:  Direct3D 11.0 [level 11.1]
    Renderer: NVIDIA GeForce GTX 970M (ID=0x13d8)
    Vendor:   
    VRAM:     3032 MB
    Driver:   27.21.14.6140
Initialize mono
Mono path[0] = 'C:/COSAS 720/UNITY FACULTAD/Editor/Data/Managed'
Mono path[1] = 'C:/COSAS 720/UNITY FACULTAD/Editor/Data/MonoBleedingEdge/lib/mono/unityjit'
Mono config path = 'C:/COSAS 720/UNITY FACULTAD/Editor/Data/MonoBleedingEdge/etc'
Using monoOptions --debugger-agent=transport=dt_socket,embedding=1,server=y,suspend=n,address=127.0.0.1:56752
Begin MonoManager ReloadAssembly
Registering precompiled unity dll's ...
Register platform support module: C:/COSAS 720/UNITY FACULTAD/Editor/Data/PlaybackEngines/WebGLSupport/UnityEditor.WebGL.Extensions.dll
Register platform support module: C:/COSAS 720/UNITY FACULTAD/Editor/Data/PlaybackEngines/WindowsStandaloneSupport/UnityEditor.WindowsStandalone.Extensions.dll
Registered in 0.003470 seconds.
Native extension for WindowsStandalone target not found
Native extension for WebGL target not found
Refreshing native plugins compatible for Editor in 69.07 ms, found 2 plugins.
Preloading 0 native plugins for Editor in 0.00 ms.
Mono: successfully reloaded assembly
- Completed reload, in  2.233 seconds
Domain Reload Profiling:
	ReloadAssembly (2234ms)
		BeginReloadAssembly (120ms)
			ExecutionOrderSort (0ms)
			DisableScriptedObjects (0ms)
			BackupInstance (0ms)
			ReleaseScriptingObjects (0ms)
			CreateAndSetChildDomain (2ms)
		EndReloadAssembly (960ms)
			LoadAssemblies (117ms)
			RebuildTransferFunctionScriptingTraits (0ms)
			SetupTypeCache (393ms)
			ReleaseScriptCaches (0ms)
			RebuildScriptCaches (101ms)
			SetupLoadedEditorAssemblies (315ms)
				LogAssemblyErrors (0ms)
				InitializePlatformSupportModulesInManaged (17ms)
				SetLoadedEditorAssemblies (0ms)
				RefreshPlugins (69ms)
				BeforeProcessingInitializeOnLoad (37ms)
				ProcessInitializeOnLoadAttributes (143ms)
				ProcessInitializeOnLoadMethodAttributes (48ms)
				AfterProcessingInitializeOnLoad (0ms)
				EditorAssembliesLoaded (1ms)
			ExecutionOrderSort2 (0ms)
			AwakeInstancesAfterBackupRestoration (0ms)
Platform modules already initialized, skipping
Registering precompiled user dll's ...
Registered in 0.005270 seconds.
Begin MonoManager ReloadAssembly
Native extension for WindowsStandalone target not found
Native extension for WebGL target not found
Refreshing native plugins compatible for Editor in 0.74 ms, found 2 plugins.
Preloading 0 native plugins for Editor in 0.00 ms.
Mono: successfully reloaded assembly
- Completed reload, in  3.585 seconds
Domain Reload Profiling:
	ReloadAssembly (3589ms)
		BeginReloadAssembly (518ms)
			ExecutionOrderSort (0ms)
			DisableScriptedObjects (10ms)
			BackupInstance (0ms)
			ReleaseScriptingObjects (0ms)
			CreateAndSetChildDomain (70ms)
		EndReloadAssembly (2654ms)
			LoadAssemblies (492ms)
			RebuildTransferFunctionScriptingTraits (0ms)
			SetupTypeCache (1096ms)
			ReleaseScriptCaches (1ms)
			RebuildScriptCaches (82ms)
			SetupLoadedEditorAssemblies (891ms)
				LogAssemblyErrors (0ms)
				InitializePlatformSupportModulesInManaged (22ms)
				SetLoadedEditorAssemblies (1ms)
				RefreshPlugins (1ms)
				BeforeProcessingInitializeOnLoad (171ms)
				ProcessInitializeOnLoadAttributes (666ms)
				ProcessInitializeOnLoadMethodAttributes (12ms)
				AfterProcessingInitializeOnLoad (18ms)
				EditorAssembliesLoaded (1ms)
			ExecutionOrderSort2 (0ms)
			AwakeInstancesAfterBackupRestoration (16ms)
Platform modules already initialized, skipping
========================================================================
Worker process is ready to serve import requests
Launched and connected shader compiler UnityShaderCompiler.exe after 0.20 seconds
Refreshing native plugins compatible for Editor in 2.65 ms, found 2 plugins.
Preloading 0 native plugins for Editor in 0.00 ms.
Unloading 1412 Unused Serialized files (Serialized files now loaded: 0)
System memory in use before: 85.1 MB.
System memory in use after: 85.2 MB.

Unloading 18 unused Assets to reduce memory usage. Loaded Objects now: 1864.
Total: 6.463700 ms (FindLiveObjects: 0.915700 ms CreateObjectMapping: 0.331600 ms MarkObjects: 5.055300 ms  DeleteObjects: 0.156600 ms)

AssetImportParameters requested are different than current active one (requested -> active):
  custom:framework-win-MediaFoundation: 216162199b28c13a410421893ffa2e32 -> 
  custom:video-decoder-ogg-theora: a1e56fd34408186e4bbccfd4996cb3dc -> 
  custom:container-muxer-webm: aa71ff27fc2769a1b78a27578f13a17b -> 
  custom:container-demuxer-webm: 4f35f7cbe854078d1ac9338744f61a02 -> 
  custom:container-demuxer-ogg: 62fdf1f143b41e24485cea50d1cbac27 -> 
  custom:video-encoder-webm-vp8: eb34c28f22e8b96e1ab97ce403110664 -> 
  custom:video-decoder-webm-vp8: 9c59270c3fd7afecdb556c50c9e8de78 -> 
  custom:audio-decoder-ogg-vorbis: bf7c407c2cedff20999df2af8eb42d56 -> 
  custom:audio-encoder-webm-vorbis: bf7c407c2cedff20999df2af8eb42d56 -> 
========================================================================
Received Import Request.
  path: Assets/Prefabs/Jugador.prefab
  artifactKey: Guid(828ef429de24ca942894bc138a68f509) Importer(815301076,1909f56bfc062723c751e8b465ee728b)
Start importing Assets/Prefabs/Jugador.prefab using Guid(828ef429de24ca942894bc138a68f509) Importer(815301076,1909f56bfc062723c751e8b465ee728b)  -> (artifact id: 'bce97f6fcb067aaff5d677ebbc01f14a') in 0.276593 seconds 
  Import took 0.331601 seconds .

========================================================================
Received Prepare
Refreshing native plugins compatible for Editor in 5.00 ms, found 2 plugins.
Preloading 0 native plugins for Editor in 0.00 ms.
Unloading 11 Unused Serialized files (Serialized files now loaded: 0)
System memory in use before: 60.5 MB.
System memory in use after: 60.6 MB.

Unloading 11 unused Assets to reduce memory usage. Loaded Objects now: 1872.
Total: 5.339900 ms (FindLiveObjects: 0.239000 ms CreateObjectMapping: 0.075900 ms MarkObjects: 4.971800 ms  DeleteObjects: 0.050100 ms)

AssetImportParameters requested are different than current active one (requested -> active):
  custom:framework-win-MediaFoundation: 216162199b28c13a410421893ffa2e32 -> 
  custom:video-decoder-ogg-theora: a1e56fd34408186e4bbccfd4996cb3dc -> 
  custom:container-muxer-webm: aa71ff27fc2769a1b78a27578f13a17b -> 
  custom:container-demuxer-webm: 4f35f7cbe854078d1ac9338744f61a02 -> 
  custom:container-demuxer-ogg: 62fdf1f143b41e24485cea50d1cbac27 -> 
  custom:video-encoder-webm-vp8: eb34c28f22e8b96e1ab97ce403110664 -> 
  custom:video-decoder-webm-vp8: 9c59270c3fd7afecdb556c50c9e8de78 -> 
  custom:audio-decoder-ogg-vorbis: bf7c407c2cedff20999df2af8eb42d56 -> 
  custom:audio-encoder-webm-vorbis: bf7c407c2cedff20999df2af8eb42d56 -> 
========================================================================
Received Import Request.
  Time since last request: 107.139888 seconds.
  path: Assets/Prefabs/prefabs2
  artifactKey: Guid(b0731ec68a28ebb4587c3486b444490a) Importer(815301076,1909f56bfc062723c751e8b465ee728b)
Start importing Assets/Prefabs/prefabs2 using Guid(b0731ec68a28ebb4587c3486b444490a) Importer(815301076,1909f56bfc062723c751e8b465ee728b)  -> (artifact id: 'ef1205b218f349f335be38c1f565a9af') in 0.019259 seconds 
  Import took 0.031942 seconds .

========================================================================
Received Import Request.
  Time since last request: 5.609856 seconds.
  path: Assets/Prefabs/prefabs2/Bot.prefab
  artifactKey: Guid(ece686c9e8e61394298d7b6a9933f6b1) Importer(815301076,1909f56bfc062723c751e8b465ee728b)
Start importing Assets/Prefabs/prefabs2/Bot.prefab using Guid(ece686c9e8e61394298d7b6a9933f6b1) Importer(815301076,1909f56bfc062723c751e8b465ee728b)  -> (artifact id: '87b34a41860b67637c78a82c799404fa') in 0.054104 seconds 
  Import took 0.076132 seconds .

========================================================================
Received Import Request.
  Time since last request: 0.000505 seconds.
  path: Assets/Prefabs/prefabs2/HABITACION B.prefab
  artifactKey: Guid(5c6cfc86b77078b4b831a1ee32a798ea) Importer(815301076,1909f56bfc062723c751e8b465ee728b)
Start importing Assets/Prefabs/prefabs2/HABITACION B.prefab using Guid(5c6cfc86b77078b4b831a1ee32a798ea) Importer(815301076,1909f56bfc062723c751e8b465ee728b)  -> (artifact id: '2489e4e1bc709425e13e1c6fcb1b5275') in 0.039182 seconds 
  Import took 0.052126 seconds .

========================================================================
Received Import Request.
  Time since last request: 0.000493 seconds.
  path: Assets/Prefabs/prefabs2/PASILLO.prefab
  artifactKey: Guid(c44cfa02ebe6ad94ea783367e880dc9f) Importer(815301076,1909f56bfc062723c751e8b465ee728b)
Start importing Assets/Prefabs/prefabs2/PASILLO.prefab using Guid(c44cfa02ebe6ad94ea783367e880dc9f) Importer(815301076,1909f56bfc062723c751e8b465ee728b)  -> (artifact id: '73a3f16e570a0a8c25d99f3ac3a6c56b') in 0.042334 seconds 
  Import took 0.054988 seconds .

========================================================================
Received Import Request.
  Time since last request: 0.001654 seconds.
  path: Assets/Prefabs/prefabs2/HABITACION A.prefab
  artifactKey: Guid(5097d2c361a5e074ab5dd43bf855da8f) Importer(815301076,1909f56bfc062723c751e8b465ee728b)
Start importing Assets/Prefabs/prefabs2/HABITACION A.prefab using Guid(5097d2c361a5e074ab5dd43bf855da8f) Importer(815301076,1909f56bfc062723c751e8b465ee728b)  -> (artifact id: 'a1a76df4b44105fe86b3514f65b1ab95') in 0.061159 seconds 
  Import took 0.071432 seconds .

========================================================================
Received Import Request.
  Time since last request: 0.000502 seconds.
  path: Assets/Prefabs/prefabs2/Jugador.prefab
  artifactKey: Guid(6d57d84442cfbdf4f919cb2bc690a311) Importer(815301076,1909f56bfc062723c751e8b465ee728b)
Start importing Assets/Prefabs/prefabs2/Jugador.prefab using Guid(6d57d84442cfbdf4f919cb2bc690a311) Importer(815301076,1909f56bfc062723c751e8b465ee728b)  -> (artifact id: '2069fbcf79fc526289760aeb3d837ec2') in 0.022409 seconds 
  Import took 0.028501 seconds .

========================================================================
Received Import Request.
  Time since last request: 0.000382 seconds.
  path: Assets/Prefabs/prefabs2/HABITACION A.prefab
  artifactKey: Guid(5097d2c361a5e074ab5dd43bf855da8f) Importer(815301076,1909f56bfc062723c751e8b465ee728b)
Start importing Assets/Prefabs/prefabs2/HABITACION A.prefab using Guid(5097d2c361a5e074ab5dd43bf855da8f) Importer(815301076,1909f56bfc062723c751e8b465ee728b)  -> (artifact id: 'a1a76df4b44105fe86b3514f65b1ab95') in 0.029244 seconds 
  Import took 0.034739 seconds .

========================================================================
Received Import Request.
  Time since last request: 0.000329 seconds.
  path: Assets/Prefabs/prefabs2/Bot.prefab
  artifactKey: Guid(ece686c9e8e61394298d7b6a9933f6b1) Importer(815301076,1909f56bfc062723c751e8b465ee728b)
Start importing Assets/Prefabs/prefabs2/Bot.prefab using Guid(ece686c9e8e61394298d7b6a9933f6b1) Importer(815301076,1909f56bfc062723c751e8b465ee728b)  -> (artifact id: '87b34a41860b67637c78a82c799404fa') in 0.028673 seconds 
  Import took 0.039091 seconds .

========================================================================
Received Import Request.
  Time since last request: 8.098804 seconds.
  path: Assets/Prefabs/prefabs2/TODO
  artifactKey: Guid(6afef1e57e559e740bafbae2117893a1) Importer(815301076,1909f56bfc062723c751e8b465ee728b)
Start importing Assets/Prefabs/prefabs2/TODO using Guid(6afef1e57e559e740bafbae2117893a1) Importer(815301076,1909f56bfc062723c751e8b465ee728b)  -> (artifact id: '5168431b84f13ec294b7e44f60a903db') in 0.008964 seconds 
  Import took 0.013971 seconds .

========================================================================
Received Import Request.
  Time since last request: 1325.342206 seconds.
  path: Assets/Scenes/NIVEL1.unity
  artifactKey: Guid(d78d147654b384249a3b9aeef8cf564d) Importer(815301076,1909f56bfc062723c751e8b465ee728b)
Start importing Assets/Scenes/NIVEL1.unity using Guid(d78d147654b384249a3b9aeef8cf564d) Importer(815301076,1909f56bfc062723c751e8b465ee728b)  -> (artifact id: '379a578b566f69fa76d8865a93ee89e2') in 0.012435 seconds 
  Import took 0.051094 seconds .

AssetImportWorkerClient::OnTransportError - code=2 error=End of file
